<?xml version="1.0" encoding="UTF-8"?>
<!-- Generated by org.testng.reporters.JUnitXMLReporter -->
<testsuite hostname="DESKTOP-M3E2BR1" ignored="0" name="Test" tests="3" failures="0" timestamp="2021-01-12T22:35:48 IST" time="43.525" errors="0">
  <testcase name="executeCreateLead" time="3.004" classname="testng.day2_learnDependency.CreateLead"/>
  <testcase name="executeEditLeads" time="10.202" classname="testng.day2_learnDependency.EditLeads"/>
  <testcase name="executeDeleteLead" time="10.645" classname="testng.day2_learnDependency.DeleteLead"/>
</testsuite> <!-- Test -->
