<?xml version="1.0" encoding="UTF-8"?>
<testng-results skipped="0" failed="0" ignored="0" total="3" passed="3">
  <reporter-output>
  </reporter-output>
  <suite name="Suite" duration-ms="15542" started-at="2021-01-24T17:52:49 IST" finished-at="2021-01-24T17:53:05 IST">
    <groups>
    </groups>
    <test name="chromeTest" duration-ms="14093" started-at="2021-01-24T17:52:49 IST" finished-at="2021-01-24T17:53:03 IST">
      <class name="testng.week6day2_crossbrowsers.CreateLeadByXpath">
        <test-method status="PASS" signature="createLead(java.lang.String)[pri:0, instance:testng.week6day2_crossbrowsers.CreateLeadByXpath@1d371b2d]" name="createLead" duration-ms="14061" started-at="2021-01-24T17:52:49 IST" finished-at="2021-01-24T17:53:03 IST">
          <params>
            <param index="0">
              <value>
                <![CDATA[chrome]]>
              </value>
            </param>
          </params>
          <reporter-output>
          </reporter-output>
        </test-method> <!-- createLead -->
      </class> <!-- testng.week6day2_crossbrowsers.CreateLeadByXpath -->
    </test> <!-- chromeTest -->
    <test name="edgeTest" duration-ms="14661" started-at="2021-01-24T17:52:49 IST" finished-at="2021-01-24T17:53:04 IST">
      <class name="testng.week6day2_crossbrowsers.CreateLeadByXpath">
        <test-method status="PASS" signature="createLead(java.lang.String)[pri:0, instance:testng.week6day2_crossbrowsers.CreateLeadByXpath@481a15ff]" name="createLead" duration-ms="14634" started-at="2021-01-24T17:52:49 IST" finished-at="2021-01-24T17:53:04 IST">
          <params>
            <param index="0">
              <value>
                <![CDATA[edge]]>
              </value>
            </param>
          </params>
          <reporter-output>
          </reporter-output>
        </test-method> <!-- createLead -->
      </class> <!-- testng.week6day2_crossbrowsers.CreateLeadByXpath -->
    </test> <!-- edgeTest -->
    <test name="firefoxTest" duration-ms="15542" started-at="2021-01-24T17:52:49 IST" finished-at="2021-01-24T17:53:05 IST">
      <class name="testng.week6day2_crossbrowsers.CreateLeadByXpath">
        <test-method status="PASS" signature="createLead(java.lang.String)[pri:0, instance:testng.week6day2_crossbrowsers.CreateLeadByXpath@47db50c5]" name="createLead" duration-ms="15514" started-at="2021-01-24T17:52:49 IST" finished-at="2021-01-24T17:53:05 IST">
          <params>
            <param index="0">
              <value>
                <![CDATA[firefox]]>
              </value>
            </param>
          </params>
          <reporter-output>
          </reporter-output>
        </test-method> <!-- createLead -->
      </class> <!-- testng.week6day2_crossbrowsers.CreateLeadByXpath -->
    </test> <!-- firefoxTest -->
  </suite> <!-- Suite -->
</testng-results>
