<?xml version="1.0" encoding="UTF-8"?>
<testng-results skipped="0" failed="0" ignored="0" total="1" passed="1">
  <reporter-output>
  </reporter-output>
  <suite name="Default suite" duration-ms="7000" started-at="2021-02-16T05:24:12 IST" finished-at="2021-02-16T05:24:19 IST">
    <groups>
    </groups>
    <test name="Default test" duration-ms="7000" started-at="2021-02-16T05:24:12 IST" finished-at="2021-02-16T05:24:19 IST">
      <class name="weeklyAssignments.MobileWebApplication">
        <test-method status="PASS" signature="accessMobileWeb()[pri:0, instance:weeklyAssignments.MobileWebApplication@22eeefeb]" name="accessMobileWeb" duration-ms="6969" started-at="2021-02-16T05:24:12 IST" finished-at="2021-02-16T05:24:19 IST">
          <reporter-output>
          </reporter-output>
        </test-method> <!-- accessMobileWeb -->
      </class> <!-- weeklyAssignments.MobileWebApplication -->
    </test> <!-- Default test -->
  </suite> <!-- Default suite -->
</testng-results>
